<?xml version="1.0" encoding="UTF-8"?>
<!-- Generated by org.testng.reporters.JUnitReportReporter -->
<testsuite hostname="DESKTOP-FTQ8L4C" failures="0" tests="1" name="Tests.Mail_AOL" time="83.784" errors="0" timestamp="2023-10-02T23:49:42 IST" skipped="0">
  <testcase classname="Tests.Mail_AOL" name="SendMail" time="83.784"/>
  <system-out/>
</testsuite> <!-- Tests.Mail_AOL -->
