<?xml version="1.0" encoding="UTF-8"?>
<!-- Generated by org.testng.reporters.JUnitReportReporter -->
<testsuite hostname="DESKTOP-FTQ8L4C" failures="0" tests="1" name="Tests.UndostresVarification" time="9.244" errors="0" timestamp="2023-10-02T23:58:50 IST" skipped="0">
  <testcase classname="Tests.UndostresVarification" name="VerifyHomePage" time="9.244"/>
  <system-out/>
</testsuite> <!-- Tests.UndostresVarification -->
